2024-03-19 08:41:04,744 [Worker-2: Loading available Gradle versions] INFO  o.e.b.c.i.u.g.PublishedGradleVersions - Gradle version information cache is up-to-date. Trying to read.
2024-03-19 08:42:48,527 [ModalContext] WARN  o.a.h.c.p.ResponseProcessCookies - Invalid cookie header: "Set-Cookie: _octo=GH1.1.725392187.1710848569; Path=/; Domain=github.com; Expires=Wed, 19 Mar 2025 11:42:49 GMT; Secure; SameSite=Lax". Invalid 'expires' attribute: Wed, 19 Mar 2025 11:42:49 GMT
2024-03-19 08:42:48,529 [ModalContext] WARN  o.a.h.c.p.ResponseProcessCookies - Invalid cookie header: "Set-Cookie: logged_in=no; Path=/; Domain=github.com; Expires=Wed, 19 Mar 2025 11:42:49 GMT; HttpOnly; Secure; SameSite=Lax". Invalid 'expires' attribute: Wed, 19 Mar 2025 11:42:49 GMT
2024-03-19 08:42:48,568 [ModalContext] INFO  o.e.m.c.i.e.AbstractTransferListenerAdapter - Downloaded https://github.com/unlp-info-objetos/oo1-2021/blob/main/objetos-uno-archetype-0.0.1-SNAPSHOT/objetos-uno-archetype-0.0.1-SNAPSHOT.jar?raw=true/ar/edu/unlp/info/oo1/objetos-uno/0.0.1-SNAPSHOT/maven-metadata.xml
2024-03-19 08:42:48,939 [ModalContext] WARN  o.a.h.c.p.ResponseProcessCookies - Invalid cookie header: "Set-Cookie: _octo=GH1.1.407502870.1710848569; Path=/; Domain=github.com; Expires=Wed, 19 Mar 2025 11:42:49 GMT; Secure; SameSite=Lax". Invalid 'expires' attribute: Wed, 19 Mar 2025 11:42:49 GMT
2024-03-19 08:42:48,940 [ModalContext] WARN  o.a.h.c.p.ResponseProcessCookies - Invalid cookie header: "Set-Cookie: logged_in=no; Path=/; Domain=github.com; Expires=Wed, 19 Mar 2025 11:42:49 GMT; HttpOnly; Secure; SameSite=Lax". Invalid 'expires' attribute: Wed, 19 Mar 2025 11:42:49 GMT
2024-03-19 08:42:48,944 [ModalContext] INFO  o.e.m.c.i.e.AbstractTransferListenerAdapter - Downloaded https://github.com/unlp-info-objetos/oo1-2021/blob/main/objetos-uno-archetype-0.0.1-SNAPSHOT/objetos-uno-archetype-0.0.1-SNAPSHOT.jar?raw=true/ar/edu/unlp/info/oo1/objetos-uno/0.0.1-SNAPSHOT/objetos-uno-0.0.1-SNAPSHOT.pom
2024-03-19 08:42:48,949 [ModalContext] ERROR o.e.m.c.u.i.w.MavenProjectWizardArchetypePage - Can't resolve Archetype ar.edu.unlp.info.oo1:objetos-uno:0.0.1-SNAPSHOT
org.eclipse.core.runtime.CoreException: Could not resolve artifact ar.edu.unlp.info.oo1:objetos-uno:pom:0.0.1-SNAPSHOT
	at org.eclipse.m2e.core.internal.embedder.MavenImpl.lambda$6(MavenImpl.java:584)
	at org.eclipse.m2e.core.internal.embedder.MavenExecutionContext.executeBare(MavenExecutionContext.java:394)
	at org.eclipse.m2e.core.internal.embedder.MavenExecutionContext.execute(MavenExecutionContext.java:275)
	at org.eclipse.m2e.core.internal.embedder.MavenExecutionContext.execute(MavenExecutionContext.java:214)
	at org.eclipse.m2e.core.internal.embedder.MavenImpl.resolve(MavenImpl.java:553)
	at org.eclipse.m2e.core.internal.embedder.MavenImpl.resolve(MavenImpl.java:538)
	at org.eclipse.m2e.core.ui.internal.wizards.MavenProjectWizardArchetypePage.lambda$18(MavenProjectWizardArchetypePage.java:726)
	at org.eclipse.jface.operation.ModalContext$ModalContextThread.run(ModalContext.java:122)
2024-03-19 14:11:35,342 [Worker-2: Loading available Gradle versions] INFO  o.e.b.c.i.u.g.PublishedGradleVersions - Gradle version information cache is up-to-date. Trying to read.
2024-03-19 14:23:19,901 [Worker-6: Loading available Gradle versions] INFO  o.e.b.c.i.u.g.PublishedGradleVersions - Gradle version information cache is up-to-date. Trying to read.
2024-03-19 17:28:03,749 [Worker-6: Loading available Gradle versions] INFO  o.e.b.c.i.u.g.PublishedGradleVersions - Gradle version information cache is up-to-date. Trying to read.
2024-03-19 17:41:43,543 [Worker-2: Loading available Gradle versions] INFO  o.e.b.c.i.u.g.PublishedGradleVersions - Gradle version information cache is up-to-date. Trying to read.
2024-03-19 18:45:34,842 [Worker-2: Loading available Gradle versions] INFO  o.e.b.c.i.u.g.PublishedGradleVersions - Gradle version information cache is up-to-date. Trying to read.
2024-03-20 08:37:54,452 [Worker-3: Loading available Gradle versions] INFO  o.e.b.c.i.u.g.PublishedGradleVersions - Gradle version information cache is out-of-date. Trying to update.
2024-03-20 12:43:02,460 [Worker-10: Loading available Gradle versions] INFO  o.e.b.c.i.u.g.PublishedGradleVersions - Gradle version information cache is up-to-date. Trying to read.
2024-03-27 14:04:09,651 [Worker-4: Loading available Gradle versions] INFO  o.e.b.c.i.u.g.PublishedGradleVersions - Gradle version information cache is out-of-date. Trying to update.
2024-03-27 16:51:48,706 [Worker-0: Loading available Gradle versions] INFO  o.e.b.c.i.u.g.PublishedGradleVersions - Gradle version information cache is up-to-date. Trying to read.
2024-03-30 19:48:12,562 [Worker-2: Loading available Gradle versions] INFO  o.e.b.c.i.u.g.PublishedGradleVersions - Gradle version information cache is out-of-date. Trying to update.
2024-03-30 19:53:23,262 [Worker-2: Loading available Gradle versions] INFO  o.e.b.c.i.u.g.PublishedGradleVersions - Gradle version information cache is up-to-date. Trying to read.
2024-03-30 20:01:32,462 [Worker-2: Loading available Gradle versions] INFO  o.e.b.c.i.u.g.PublishedGradleVersions - Gradle version information cache is up-to-date. Trying to read.
